{"D:\\Sandor\\code\\project\\server\\config\\connector.js": {"path":"D:\\Sandor\\code\\project\\server\\config\\connector.js","statementMap":{"0":{"start":{"line":1,"column":14},"end":{"line":1,"column":39}},"1":{"start":{"line":4,"column":12},"end":{"line":12,"column":2}},"2":{"start":{"line":14,"column":0},"end":{"line":14,"column":21}}},"fnMap":{},"branchMap":{},"s":{"0":1,"1":1,"2":1},"f":{},"b":{},"_coverageSchema":"1a1c01bbd47fc00a2c39e90264f33305004495a9","hash":"e4dd3682bc05ad50e7368ec3b3f15bae1f72724f"}
,"D:\\Sandor\\code\\project\\server\\controllers\\loginController.js": {"path":"D:\\Sandor\\code\\project\\server\\controllers\\loginController.js","statementMap":{"0":{"start":{"line":1,"column":15},"end":{"line":1,"column":32}},"1":{"start":{"line":4,"column":17},"end":{"line":4,"column":58}},"2":{"start":{"line":6,"column":20},"end":{"line":43,"column":1}},"3":{"start":{"line":8,"column":32},"end":{"line":8,"column":40}},"4":{"start":{"line":9,"column":1},"end":{"line":42,"column":2}},"5":{"start":{"line":11,"column":23},"end":{"line":11,"column":60}},"6":{"start":{"line":12,"column":2},"end":{"line":15,"column":3}},"7":{"start":{"line":14,"column":3},"end":{"line":14,"column":60}},"8":{"start":{"line":17,"column":20},"end":{"line":17,"column":52}},"9":{"start":{"line":19,"column":16},"end":{"line":19,"column":66}},"10":{"start":{"line":20,"column":2},"end":{"line":38,"column":3}},"11":{"start":{"line":22,"column":3},"end":{"line":22,"column":39}},"12":{"start":{"line":24,"column":3},"end":{"line":28,"column":4}},"13":{"start":{"line":25,"column":4},"end":{"line":25,"column":36}},"14":{"start":{"line":27,"column":4},"end":{"line":27,"column":35}},"15":{"start":{"line":29,"column":3},"end":{"line":29,"column":42}},"16":{"start":{"line":32,"column":3},"end":{"line":32,"column":29}},"17":{"start":{"line":34,"column":3},"end":{"line":34,"column":52}},"18":{"start":{"line":37,"column":3},"end":{"line":37,"column":60}},"19":{"start":{"line":41,"column":2},"end":{"line":41,"column":48}},"20":{"start":{"line":45,"column":29},"end":{"line":70,"column":1}},"21":{"start":{"line":47,"column":35},"end":{"line":47,"column":43}},"22":{"start":{"line":48,"column":1},"end":{"line":48,"column":36}},"23":{"start":{"line":49,"column":1},"end":{"line":49,"column":31}},"24":{"start":{"line":50,"column":1},"end":{"line":69,"column":2}},"25":{"start":{"line":52,"column":16},"end":{"line":52,"column":73}},"26":{"start":{"line":53,"column":2},"end":{"line":65,"column":3}},"27":{"start":{"line":55,"column":26},"end":{"line":55,"column":60}},"28":{"start":{"line":57,"column":3},"end":{"line":57,"column":75}},"29":{"start":{"line":59,"column":3},"end":{"line":59,"column":46}},"30":{"start":{"line":61,"column":3},"end":{"line":61,"column":64}},"31":{"start":{"line":64,"column":3},"end":{"line":64,"column":60}},"32":{"start":{"line":68,"column":2},"end":{"line":68,"column":48}},"33":{"start":{"line":72,"column":0},"end":{"line":72,"column":55}}},"fnMap":{"0":{"name":"(anonymous_0)","decl":{"start":{"line":6,"column":20},"end":{"line":6,"column":21}},"loc":{"start":{"line":6,"column":40},"end":{"line":43,"column":1}},"line":6},"1":{"name":"(anonymous_1)","decl":{"start":{"line":45,"column":29},"end":{"line":45,"column":30}},"loc":{"start":{"line":45,"column":49},"end":{"line":70,"column":1}},"line":45}},"branchMap":{"0":{"loc":{"start":{"line":12,"column":2},"end":{"line":15,"column":3}},"type":"if","locations":[{"start":{"line":12,"column":2},"end":{"line":15,"column":3}},{"start":{},"end":{}}],"line":12},"1":{"loc":{"start":{"line":20,"column":2},"end":{"line":38,"column":3}},"type":"if","locations":[{"start":{"line":20,"column":2},"end":{"line":38,"column":3}},{"start":{"line":35,"column":9},"end":{"line":38,"column":3}}],"line":20},"2":{"loc":{"start":{"line":24,"column":3},"end":{"line":28,"column":4}},"type":"if","locations":[{"start":{"line":24,"column":3},"end":{"line":28,"column":4}},{"start":{"line":26,"column":10},"end":{"line":28,"column":4}}],"line":24},"3":{"loc":{"start":{"line":53,"column":2},"end":{"line":65,"column":3}},"type":"if","locations":[{"start":{"line":53,"column":2},"end":{"line":65,"column":3}},{"start":{"line":62,"column":9},"end":{"line":65,"column":3}}],"line":53}},"s":{"0":1,"1":1,"2":1,"3":1,"4":1,"5":1,"6":1,"7":0,"8":1,"9":1,"10":1,"11":0,"12":0,"13":0,"14":0,"15":0,"16":0,"17":0,"18":1,"19":0,"20":1,"21":0,"22":0,"23":0,"24":0,"25":0,"26":0,"27":0,"28":0,"29":0,"30":0,"31":0,"32":0,"33":1},"f":{"0":1,"1":0},"b":{"0":[0,1],"1":[0,1],"2":[0,0],"3":[0,0]},"_coverageSchema":"1a1c01bbd47fc00a2c39e90264f33305004495a9","hash":"5f9ec611fd62e04ce471d49d346ca0557ba752c3"}
,"D:\\Sandor\\code\\project\\server\\error\\errorClass.js": {"path":"D:\\Sandor\\code\\project\\server\\error\\errorClass.js","statementMap":{"0":{"start":{"line":3,"column":2},"end":{"line":3,"column":21}},"1":{"start":{"line":4,"column":2},"end":{"line":4,"column":21}},"2":{"start":{"line":9,"column":2},"end":{"line":9,"column":32}},"3":{"start":{"line":13,"column":0},"end":{"line":13,"column":26}}},"fnMap":{"0":{"name":"(anonymous_0)","decl":{"start":{"line":2,"column":1},"end":{"line":2,"column":2}},"loc":{"start":{"line":2,"column":26},"end":{"line":5,"column":2}},"line":2},"1":{"name":"(anonymous_1)","decl":{"start":{"line":8,"column":1},"end":{"line":8,"column":2}},"loc":{"start":{"line":8,"column":24},"end":{"line":10,"column":2}},"line":8}},"branchMap":{},"s":{"0":0,"1":0,"2":0,"3":1},"f":{"0":0,"1":0},"b":{},"_coverageSchema":"1a1c01bbd47fc00a2c39e90264f33305004495a9","hash":"9a6414f644bf33d5e2d420fdd2f406773fa693cd"}
,"D:\\Sandor\\code\\project\\server\\repositories\\userRepository.js": {"path":"D:\\Sandor\\code\\project\\server\\repositories\\userRepository.js","statementMap":{"0":{"start":{"line":2,"column":11},"end":{"line":2,"column":41}},"1":{"start":{"line":5,"column":19},"end":{"line":17,"column":1}},"2":{"start":{"line":13,"column":1},"end":{"line":16,"column":3}},"3":{"start":{"line":20,"column":16},"end":{"line":41,"column":1}},"4":{"start":{"line":22,"column":16},"end":{"line":25,"column":2}},"5":{"start":{"line":26,"column":1},"end":{"line":26,"column":20}},"6":{"start":{"line":28,"column":1},"end":{"line":38,"column":2}},"7":{"start":{"line":30,"column":2},"end":{"line":30,"column":47}},"8":{"start":{"line":32,"column":2},"end":{"line":34,"column":5}},"9":{"start":{"line":33,"column":3},"end":{"line":33,"column":21}},"10":{"start":{"line":37,"column":2},"end":{"line":37,"column":23}},"11":{"start":{"line":40,"column":1},"end":{"line":40,"column":34}},"12":{"start":{"line":44,"column":19},"end":{"line":50,"column":1}},"13":{"start":{"line":46,"column":1},"end":{"line":49,"column":3}},"14":{"start":{"line":53,"column":23},"end":{"line":59,"column":1}},"15":{"start":{"line":55,"column":1},"end":{"line":58,"column":4}},"16":{"start":{"line":62,"column":21},"end":{"line":76,"column":1}},"17":{"start":{"line":64,"column":16},"end":{"line":67,"column":2}},"18":{"start":{"line":69,"column":1},"end":{"line":75,"column":2}},"19":{"start":{"line":71,"column":2},"end":{"line":71,"column":32}},"20":{"start":{"line":74,"column":2},"end":{"line":74,"column":31}},"21":{"start":{"line":79,"column":24},"end":{"line":85,"column":1}},"22":{"start":{"line":81,"column":1},"end":{"line":84,"column":4}},"23":{"start":{"line":88,"column":25},"end":{"line":91,"column":1}},"24":{"start":{"line":90,"column":1},"end":{"line":90,"column":72}},"25":{"start":{"line":93,"column":0},"end":{"line":101,"column":2}}},"fnMap":{"0":{"name":"(anonymous_0)","decl":{"start":{"line":5,"column":19},"end":{"line":5,"column":20}},"loc":{"start":{"line":11,"column":5},"end":{"line":17,"column":1}},"line":11},"1":{"name":"(anonymous_1)","decl":{"start":{"line":20,"column":16},"end":{"line":20,"column":17}},"loc":{"start":{"line":20,"column":36},"end":{"line":41,"column":1}},"line":20},"2":{"name":"(anonymous_2)","decl":{"start":{"line":32,"column":40},"end":{"line":32,"column":41}},"loc":{"start":{"line":32,"column":48},"end":{"line":34,"column":3}},"line":32},"3":{"name":"(anonymous_3)","decl":{"start":{"line":44,"column":19},"end":{"line":44,"column":20}},"loc":{"start":{"line":44,"column":76},"end":{"line":50,"column":1}},"line":44},"4":{"name":"(anonymous_4)","decl":{"start":{"line":53,"column":23},"end":{"line":53,"column":24}},"loc":{"start":{"line":53,"column":55},"end":{"line":59,"column":1}},"line":53},"5":{"name":"(anonymous_5)","decl":{"start":{"line":62,"column":21},"end":{"line":62,"column":22}},"loc":{"start":{"line":62,"column":41},"end":{"line":76,"column":1}},"line":62},"6":{"name":"(anonymous_6)","decl":{"start":{"line":79,"column":24},"end":{"line":79,"column":25}},"loc":{"start":{"line":79,"column":53},"end":{"line":85,"column":1}},"line":79},"7":{"name":"(anonymous_7)","decl":{"start":{"line":88,"column":25},"end":{"line":88,"column":26}},"loc":{"start":{"line":88,"column":44},"end":{"line":91,"column":1}},"line":88}},"branchMap":{"0":{"loc":{"start":{"line":28,"column":1},"end":{"line":38,"column":2}},"type":"if","locations":[{"start":{"line":28,"column":1},"end":{"line":38,"column":2}},{"start":{"line":35,"column":8},"end":{"line":38,"column":2}}],"line":28},"1":{"loc":{"start":{"line":69,"column":1},"end":{"line":75,"column":2}},"type":"if","locations":[{"start":{"line":69,"column":1},"end":{"line":75,"column":2}},{"start":{"line":72,"column":8},"end":{"line":75,"column":2}}],"line":69}},"s":{"0":1,"1":1,"2":0,"3":1,"4":1,"5":1,"6":1,"7":0,"8":0,"9":0,"10":1,"11":1,"12":1,"13":0,"14":1,"15":0,"16":1,"17":1,"18":1,"19":0,"20":1,"21":1,"22":0,"23":1,"24":0,"25":1},"f":{"0":0,"1":1,"2":0,"3":0,"4":0,"5":1,"6":0,"7":0},"b":{"0":[0,1],"1":[0,1]},"_coverageSchema":"1a1c01bbd47fc00a2c39e90264f33305004495a9","hash":"9c9a7ef02d6a51c226602be861c9ee0b39a3b2f2"}
,"D:\\Sandor\\code\\project\\server\\tests\\testMocks.js": {"path":"D:\\Sandor\\code\\project\\server\\tests\\testMocks.js","statementMap":{"0":{"start":{"line":2,"column":16},"end":{"line":9,"column":1}},"1":{"start":{"line":4,"column":13},"end":{"line":4,"column":15}},"2":{"start":{"line":6,"column":1},"end":{"line":6,"column":23}},"3":{"start":{"line":8,"column":1},"end":{"line":8,"column":12}},"4":{"start":{"line":12,"column":16},"end":{"line":17,"column":1}},"5":{"start":{"line":13,"column":13},"end":{"line":13,"column":15}},"6":{"start":{"line":14,"column":1},"end":{"line":14,"column":45}},"7":{"start":{"line":15,"column":1},"end":{"line":15,"column":43}},"8":{"start":{"line":16,"column":1},"end":{"line":16,"column":12}},"9":{"start":{"line":19,"column":0},"end":{"line":19,"column":38}}},"fnMap":{"0":{"name":"(anonymous_0)","decl":{"start":{"line":2,"column":16},"end":{"line":2,"column":17}},"loc":{"start":{"line":2,"column":32},"end":{"line":9,"column":1}},"line":2},"1":{"name":"(anonymous_1)","decl":{"start":{"line":12,"column":16},"end":{"line":12,"column":17}},"loc":{"start":{"line":12,"column":22},"end":{"line":17,"column":1}},"line":12}},"branchMap":{},"s":{"0":2,"1":2,"2":2,"3":2,"4":2,"5":2,"6":2,"7":2,"8":2,"9":2},"f":{"0":2,"1":2},"b":{},"_coverageSchema":"1a1c01bbd47fc00a2c39e90264f33305004495a9","hash":"9348c78b8cad00b2aecdae70e40c4082eaee28fc"}
,"D:\\Sandor\\code\\project\\server\\validation\\validationSchemas.js": {"path":"D:\\Sandor\\code\\project\\server\\validation\\validationSchemas.js","statementMap":{"0":{"start":{"line":1,"column":12},"end":{"line":1,"column":26}},"1":{"start":{"line":3,"column":23},"end":{"line":19,"column":2}},"2":{"start":{"line":21,"column":19},"end":{"line":28,"column":2}},"3":{"start":{"line":30,"column":23},"end":{"line":40,"column":2}},"4":{"start":{"line":43,"column":20},"end":{"line":47,"column":2}},"5":{"start":{"line":49,"column":20},"end":{"line":54,"column":2}},"6":{"start":{"line":56,"column":21},"end":{"line":60,"column":2}},"7":{"start":{"line":62,"column":22},"end":{"line":64,"column":2}},"8":{"start":{"line":66,"column":21},"end":{"line":77,"column":2}},"9":{"start":{"line":73,"column":15},"end":{"line":73,"column":25}},"10":{"start":{"line":74,"column":3},"end":{"line":74,"column":16}},"11":{"start":{"line":79,"column":27},"end":{"line":81,"column":2}},"12":{"start":{"line":83,"column":19},"end":{"line":92,"column":2}},"13":{"start":{"line":88,"column":15},"end":{"line":88,"column":25}},"14":{"start":{"line":89,"column":3},"end":{"line":89,"column":16}},"15":{"start":{"line":94,"column":21},"end":{"line":96,"column":2}},"16":{"start":{"line":98,"column":0},"end":{"line":110,"column":2}}},"fnMap":{"0":{"name":"(anonymous_0)","decl":{"start":{"line":72,"column":27},"end":{"line":72,"column":28}},"loc":{"start":{"line":72,"column":39},"end":{"line":75,"column":3}},"line":72},"1":{"name":"(anonymous_1)","decl":{"start":{"line":87,"column":27},"end":{"line":87,"column":28}},"loc":{"start":{"line":87,"column":39},"end":{"line":90,"column":3}},"line":87}},"branchMap":{},"s":{"0":1,"1":1,"2":1,"3":1,"4":1,"5":1,"6":1,"7":1,"8":1,"9":0,"10":0,"11":1,"12":1,"13":0,"14":0,"15":1,"16":1},"f":{"0":0,"1":0},"b":{},"_coverageSchema":"1a1c01bbd47fc00a2c39e90264f33305004495a9","hash":"4ed0ef55de47299df5adf7bd5f448c1c7443284c"}
,"D:\\Sandor\\code\\project\\server\\validation\\validator.js": {"path":"D:\\Sandor\\code\\project\\server\\validation\\validator.js","statementMap":{"0":{"start":{"line":2,"column":17},"end":{"line":2,"column":47}},"1":{"start":{"line":5,"column":1},"end":{"line":23,"column":3}},"2":{"start":{"line":6,"column":2},"end":{"line":22,"column":3}},"3":{"start":{"line":8,"column":28},"end":{"line":12,"column":5}},"4":{"start":{"line":14,"column":3},"end":{"line":14,"column":36}},"5":{"start":{"line":15,"column":3},"end":{"line":15,"column":38}},"6":{"start":{"line":16,"column":3},"end":{"line":16,"column":40}},"7":{"start":{"line":18,"column":3},"end":{"line":18,"column":10}},"8":{"start":{"line":21,"column":3},"end":{"line":21,"column":34}},"9":{"start":{"line":26,"column":0},"end":{"line":26,"column":30}}},"fnMap":{"0":{"name":"validateData","decl":{"start":{"line":4,"column":9},"end":{"line":4,"column":21}},"loc":{"start":{"line":4,"column":30},"end":{"line":24,"column":1}},"line":4},"1":{"name":"(anonymous_1)","decl":{"start":{"line":5,"column":8},"end":{"line":5,"column":9}},"loc":{"start":{"line":5,"column":34},"end":{"line":23,"column":2}},"line":5}},"branchMap":{},"s":{"0":1,"1":1,"2":1,"3":1,"4":1,"5":1,"6":1,"7":1,"8":0,"9":1},"f":{"0":1,"1":1},"b":{},"_coverageSchema":"1a1c01bbd47fc00a2c39e90264f33305004495a9","hash":"ce3afd98e3a0747c95e5879686275f2e821bb9f8"}
}
