TN:
SF:config\connector.js
FNF:0
FNH:0
DA:1,1
DA:4,1
DA:14,1
LF:3
LH:3
BRF:0
BRH:0
end_of_record
TN:
SF:controllers\loginController.js
FN:6,(anonymous_0)
FN:45,(anonymous_1)
FNF:2
FNH:1
FNDA:1,(anonymous_0)
FNDA:0,(anonymous_1)
DA:1,1
DA:4,1
DA:6,1
DA:8,1
DA:9,1
DA:11,1
DA:12,1
DA:14,0
DA:17,1
DA:19,1
DA:20,1
DA:22,0
DA:24,0
DA:25,0
DA:27,0
DA:29,0
DA:32,0
DA:34,0
DA:37,1
DA:41,0
DA:45,1
DA:47,0
DA:48,0
DA:49,0
DA:50,0
DA:52,0
DA:53,0
DA:55,0
DA:57,0
DA:59,0
DA:61,0
DA:64,0
DA:68,0
DA:72,1
LF:34
LH:13
BRDA:12,0,0,0
BRDA:12,0,1,1
BRDA:20,1,0,0
BRDA:20,1,1,1
BRDA:24,2,0,0
BRDA:24,2,1,0
BRDA:53,3,0,0
BRDA:53,3,1,0
BRF:8
BRH:2
end_of_record
TN:
SF:error\errorClass.js
FN:2,(anonymous_0)
FN:8,(anonymous_1)
FNF:2
FNH:0
FNDA:0,(anonymous_0)
FNDA:0,(anonymous_1)
DA:3,0
DA:4,0
DA:9,0
DA:13,1
LF:4
LH:1
BRF:0
BRH:0
end_of_record
TN:
SF:repositories\userRepository.js
FN:5,(anonymous_0)
FN:20,(anonymous_1)
FN:32,(anonymous_2)
FN:44,(anonymous_3)
FN:53,(anonymous_4)
FN:62,(anonymous_5)
FN:79,(anonymous_6)
FN:88,(anonymous_7)
FNF:8
FNH:2
FNDA:0,(anonymous_0)
FNDA:1,(anonymous_1)
FNDA:0,(anonymous_2)
FNDA:0,(anonymous_3)
FNDA:0,(anonymous_4)
FNDA:1,(anonymous_5)
FNDA:0,(anonymous_6)
FNDA:0,(anonymous_7)
DA:2,1
DA:5,1
DA:13,0
DA:20,1
DA:22,1
DA:26,1
DA:28,1
DA:30,0
DA:32,0
DA:33,0
DA:37,1
DA:40,1
DA:44,1
DA:46,0
DA:53,1
DA:55,0
DA:62,1
DA:64,1
DA:69,1
DA:71,0
DA:74,1
DA:79,1
DA:81,0
DA:88,1
DA:90,0
DA:93,1
LF:26
LH:17
BRDA:28,0,0,0
BRDA:28,0,1,1
BRDA:69,1,0,0
BRDA:69,1,1,1
BRF:4
BRH:2
end_of_record
TN:
SF:tests\testMocks.js
FN:2,(anonymous_0)
FN:12,(anonymous_1)
FNF:2
FNH:2
FNDA:2,(anonymous_0)
FNDA:2,(anonymous_1)
DA:2,2
DA:4,2
DA:6,2
DA:8,2
DA:12,2
DA:13,2
DA:14,2
DA:15,2
DA:16,2
DA:19,2
LF:10
LH:10
BRF:0
BRH:0
end_of_record
TN:
SF:validation\validationSchemas.js
FN:72,(anonymous_0)
FN:87,(anonymous_1)
FNF:2
FNH:0
FNDA:0,(anonymous_0)
FNDA:0,(anonymous_1)
DA:1,1
DA:3,1
DA:21,1
DA:30,1
DA:43,1
DA:49,1
DA:56,1
DA:62,1
DA:66,1
DA:73,0
DA:74,0
DA:79,1
DA:83,1
DA:88,0
DA:89,0
DA:94,1
DA:98,1
LF:17
LH:13
BRF:0
BRH:0
end_of_record
TN:
SF:validation\validator.js
FN:4,validateData
FN:5,(anonymous_1)
FNF:2
FNH:2
FNDA:1,validateData
FNDA:1,(anonymous_1)
DA:2,1
DA:5,1
DA:6,1
DA:8,1
DA:14,1
DA:15,1
DA:16,1
DA:18,1
DA:21,0
DA:26,1
LF:10
LH:9
BRF:0
BRH:0
end_of_record
